<?xml version="1.0" encoding="UTF-8"?>
<!-- Generated by org.testng.reporters.JUnitReportReporter -->
<testsuite skipped="0" hostname="Avijit-PC" name="com.inetBankingV1.testCases.Testcase001" tests="1" failures="0" timestamp="05 Aug 2019 15:15:46 GMT" time="11.651" errors="0">
  <testcase name="logintest" time="11.651" classname="com.inetBankingV1.testCases.Testcase001"/>
</testsuite> <!-- com.inetBankingV1.testCases.Testcase001 -->
