<?xml version="1.0" encoding="UTF-8"?>
<!-- Generated by org.testng.reporters.JUnitReportReporter -->
<testsuite skipped="0" hostname="Avijit-PC" name="com.inetBankingV1.testCases.TestcaseDDT002" tests="2" failures="0" timestamp="05 Aug 2019 15:15:46 GMT" time="27.461" errors="0">
  <testcase name="DDT" time="15.262" classname="com.inetBankingV1.testCases.TestcaseDDT002"/>
  <testcase name="DDT" time="12.199" classname="com.inetBankingV1.testCases.TestcaseDDT002"/>
</testsuite> <!-- com.inetBankingV1.testCases.TestcaseDDT002 -->
