<?xml version="1.0" encoding="UTF-8"?>
<!-- Generated by org.testng.reporters.JUnitReportReporter -->
<testsuite hostname="Avijit-PC" failures="0" tests="1" name="com.inetBankingV1.testCases.Testcase001" time="6.959" errors="0" timestamp="15 Aug 2019 08:52:25 GMT" skipped="0">
  <testcase classname="com.inetBankingV1.testCases.Testcase001" name="logintest" time="6.959"/>
</testsuite> <!-- com.inetBankingV1.testCases.Testcase001 -->
