<?xml version="1.0" encoding="UTF-8"?>
<!-- Generated by org.testng.reporters.JUnitReportReporter -->
<testsuite hostname="Avijit-PC" failures="0" tests="2" name="com.inetBankingV1.testCases.TestcaseDDT002" time="28.555" errors="0" timestamp="15 Aug 2019 08:52:25 GMT" skipped="0">
  <testcase classname="com.inetBankingV1.testCases.TestcaseDDT002" name="DDT" time="12.036"/>
  <testcase classname="com.inetBankingV1.testCases.TestcaseDDT002" name="DDT" time="16.519"/>
</testsuite> <!-- com.inetBankingV1.testCases.TestcaseDDT002 -->
